26-Aug-2020 13:46:52.874 INFO [main] org.apache.catalina.startup.VersionLoggerListener.log Server version name:   Apache Tomcat/8.5.57
26-Aug-2020 13:46:52.876 INFO [main] org.apache.catalina.startup.VersionLoggerListener.log Server built:          Jun 30 2020 21:49:10 UTC
26-Aug-2020 13:46:52.876 INFO [main] org.apache.catalina.startup.VersionLoggerListener.log Server version number: 8.5.57.0
26-Aug-2020 13:46:52.876 INFO [main] org.apache.catalina.startup.VersionLoggerListener.log OS Name:               Linux
26-Aug-2020 13:46:52.876 INFO [main] org.apache.catalina.startup.VersionLoggerListener.log OS Version:            4.14.186-146.268.amzn2.x86_64
26-Aug-2020 13:46:52.876 INFO [main] org.apache.catalina.startup.VersionLoggerListener.log Architecture:          amd64
26-Aug-2020 13:46:52.876 INFO [main] org.apache.catalina.startup.VersionLoggerListener.log Java Home:             /usr/lib/jvm/java-1.8.0-openjdk-1.8.0.252.b09-2.amzn2.0.1.x86_64/jre
26-Aug-2020 13:46:52.876 INFO [main] org.apache.catalina.startup.VersionLoggerListener.log JVM Version:           1.8.0_252-b09
26-Aug-2020 13:46:52.876 INFO [main] org.apache.catalina.startup.VersionLoggerListener.log JVM Vendor:            Oracle Corporation
26-Aug-2020 13:46:52.876 INFO [main] org.apache.catalina.startup.VersionLoggerListener.log CATALINA_BASE:         /root/webapp/apache-tomcat-8.5.57
26-Aug-2020 13:46:52.877 INFO [main] org.apache.catalina.startup.VersionLoggerListener.log CATALINA_HOME:         /root/webapp/apache-tomcat-8.5.57
26-Aug-2020 13:46:52.877 INFO [main] org.apache.catalina.startup.VersionLoggerListener.log Command line argument: -Djava.util.logging.config.file=/root/webapp/apache-tomcat-8.5.57/conf/logging.properties
26-Aug-2020 13:46:52.878 INFO [main] org.apache.catalina.startup.VersionLoggerListener.log Command line argument: -Djava.util.logging.manager=org.apache.juli.ClassLoaderLogManager
26-Aug-2020 13:46:52.878 INFO [main] org.apache.catalina.startup.VersionLoggerListener.log Command line argument: -Djdk.tls.ephemeralDHKeySize=2048
26-Aug-2020 13:46:52.879 INFO [main] org.apache.catalina.startup.VersionLoggerListener.log Command line argument: -Djava.protocol.handler.pkgs=org.apache.catalina.webresources
26-Aug-2020 13:46:52.879 INFO [main] org.apache.catalina.startup.VersionLoggerListener.log Command line argument: -Dorg.apache.catalina.security.SecurityListener.UMASK=0027
26-Aug-2020 13:46:52.882 INFO [main] org.apache.catalina.startup.VersionLoggerListener.log Command line argument: -Dignore.endorsed.dirs=
26-Aug-2020 13:46:52.882 INFO [main] org.apache.catalina.startup.VersionLoggerListener.log Command line argument: -Dcatalina.base=/root/webapp/apache-tomcat-8.5.57
26-Aug-2020 13:46:52.882 INFO [main] org.apache.catalina.startup.VersionLoggerListener.log Command line argument: -Dcatalina.home=/root/webapp/apache-tomcat-8.5.57
26-Aug-2020 13:46:52.882 INFO [main] org.apache.catalina.startup.VersionLoggerListener.log Command line argument: -Djava.io.tmpdir=/root/webapp/apache-tomcat-8.5.57/temp
26-Aug-2020 13:46:52.883 INFO [main] org.apache.catalina.core.AprLifecycleListener.lifecycleEvent The Apache Tomcat Native library which allows using OpenSSL was not found on the java.library.path: [/usr/java/packages/lib/amd64:/usr/lib64:/lib64:/lib:/usr/lib]
26-Aug-2020 13:46:52.982 INFO [main] org.apache.coyote.AbstractProtocol.init Initializing ProtocolHandler ["http-nio-8080"]
26-Aug-2020 13:46:52.991 SEVERE [main] org.apache.catalina.core.StandardService.initInternal Failed to initialize connector [Connector[HTTP/1.1-8080]]
	org.apache.catalina.LifecycleException: Protocol handler initialization failed
		at org.apache.catalina.connector.Connector.initInternal(Connector.java:1077)
		at org.apache.catalina.util.LifecycleBase.init(LifecycleBase.java:136)
		at org.apache.catalina.core.StandardService.initInternal(StandardService.java:552)
		at org.apache.catalina.util.LifecycleBase.init(LifecycleBase.java:136)
		at org.apache.catalina.core.StandardServer.initInternal(StandardServer.java:848)
		at org.apache.catalina.util.LifecycleBase.init(LifecycleBase.java:136)
		at org.apache.catalina.startup.Catalina.load(Catalina.java:639)
		at org.apache.catalina.startup.Catalina.load(Catalina.java:662)
		at sun.reflect.NativeMethodAccessorImpl.invoke0(Native Method)
		at sun.reflect.NativeMethodAccessorImpl.invoke(NativeMethodAccessorImpl.java:62)
		at sun.reflect.DelegatingMethodAccessorImpl.invoke(DelegatingMethodAccessorImpl.java:43)
		at java.lang.reflect.Method.invoke(Method.java:498)
		at org.apache.catalina.startup.Bootstrap.load(Bootstrap.java:302)
		at org.apache.catalina.startup.Bootstrap.main(Bootstrap.java:472)
	Caused by: java.net.BindException: Address already in use
		at sun.nio.ch.Net.bind0(Native Method)
		at sun.nio.ch.Net.bind(Net.java:433)
		at sun.nio.ch.Net.bind(Net.java:425)
		at sun.nio.ch.ServerSocketChannelImpl.bind(ServerSocketChannelImpl.java:220)
		at sun.nio.ch.ServerSocketAdaptor.bind(ServerSocketAdaptor.java:85)
		at org.apache.tomcat.util.net.NioEndpoint.bind(NioEndpoint.java:221)
		at org.apache.tomcat.util.net.AbstractEndpoint.init(AbstractEndpoint.java:1118)
		at org.apache.tomcat.util.net.AbstractJsseEndpoint.init(AbstractJsseEndpoint.java:222)
		at org.apache.coyote.AbstractProtocol.init(AbstractProtocol.java:587)
		at org.apache.coyote.http11.AbstractHttp11Protocol.init(AbstractHttp11Protocol.java:74)
		at org.apache.catalina.connector.Connector.initInternal(Connector.java:1075)
		... 13 more
26-Aug-2020 13:46:52.992 INFO [main] org.apache.catalina.startup.Catalina.load Initialization processed in 604 ms
26-Aug-2020 13:46:53.017 INFO [main] org.apache.catalina.core.StandardService.startInternal Starting service [Catalina]
26-Aug-2020 13:46:53.018 INFO [main] org.apache.catalina.core.StandardEngine.startInternal Starting Servlet Engine: Apache Tomcat/8.5.57
26-Aug-2020 13:46:53.027 INFO [localhost-startStop-1] org.apache.catalina.startup.HostConfig.deployDirectory Deploying web application directory [/root/webapp/apache-tomcat-8.5.57/webapps/ROOT]
26-Aug-2020 13:46:53.284 INFO [localhost-startStop-1] org.apache.catalina.startup.HostConfig.deployDirectory Deployment of web application directory [/root/webapp/apache-tomcat-8.5.57/webapps/ROOT] has finished in [256] ms
26-Aug-2020 13:46:53.284 INFO [localhost-startStop-1] org.apache.catalina.startup.HostConfig.deployDirectory Deploying web application directory [/root/webapp/apache-tomcat-8.5.57/webapps/docs]
26-Aug-2020 13:46:53.312 INFO [localhost-startStop-1] org.apache.catalina.startup.HostConfig.deployDirectory Deployment of web application directory [/root/webapp/apache-tomcat-8.5.57/webapps/docs] has finished in [28] ms
26-Aug-2020 13:46:53.312 INFO [localhost-startStop-1] org.apache.catalina.startup.HostConfig.deployDirectory Deploying web application directory [/root/webapp/apache-tomcat-8.5.57/webapps/examples]
26-Aug-2020 13:46:53.508 INFO [localhost-startStop-1] org.apache.catalina.startup.HostConfig.deployDirectory Deployment of web application directory [/root/webapp/apache-tomcat-8.5.57/webapps/examples] has finished in [196] ms
26-Aug-2020 13:46:53.509 INFO [localhost-startStop-1] org.apache.catalina.startup.HostConfig.deployDirectory Deploying web application directory [/root/webapp/apache-tomcat-8.5.57/webapps/host-manager]
26-Aug-2020 13:46:53.526 INFO [localhost-startStop-1] org.apache.catalina.startup.HostConfig.deployDirectory Deployment of web application directory [/root/webapp/apache-tomcat-8.5.57/webapps/host-manager] has finished in [17] ms
26-Aug-2020 13:46:53.526 INFO [localhost-startStop-1] org.apache.catalina.startup.HostConfig.deployDirectory Deploying web application directory [/root/webapp/apache-tomcat-8.5.57/webapps/manager]
26-Aug-2020 13:46:53.554 INFO [localhost-startStop-1] org.apache.catalina.startup.HostConfig.deployDirectory Deployment of web application directory [/root/webapp/apache-tomcat-8.5.57/webapps/manager] has finished in [27] ms
26-Aug-2020 13:46:53.556 INFO [main] org.apache.catalina.startup.Catalina.start Server startup in 563 ms
26-Aug-2020 13:52:59.191 INFO [main] org.apache.catalina.startup.VersionLoggerListener.log Server version name:   Apache Tomcat/8.5.57
26-Aug-2020 13:52:59.195 INFO [main] org.apache.catalina.startup.VersionLoggerListener.log Server built:          Jun 30 2020 21:49:10 UTC
26-Aug-2020 13:52:59.196 INFO [main] org.apache.catalina.startup.VersionLoggerListener.log Server version number: 8.5.57.0
26-Aug-2020 13:52:59.196 INFO [main] org.apache.catalina.startup.VersionLoggerListener.log OS Name:               Linux
26-Aug-2020 13:52:59.196 INFO [main] org.apache.catalina.startup.VersionLoggerListener.log OS Version:            4.14.186-146.268.amzn2.x86_64
26-Aug-2020 13:52:59.196 INFO [main] org.apache.catalina.startup.VersionLoggerListener.log Architecture:          amd64
26-Aug-2020 13:52:59.197 INFO [main] org.apache.catalina.startup.VersionLoggerListener.log Java Home:             /usr/lib/jvm/java-1.8.0-openjdk-1.8.0.252.b09-2.amzn2.0.1.x86_64/jre
26-Aug-2020 13:52:59.197 INFO [main] org.apache.catalina.startup.VersionLoggerListener.log JVM Version:           1.8.0_252-b09
26-Aug-2020 13:52:59.197 INFO [main] org.apache.catalina.startup.VersionLoggerListener.log JVM Vendor:            Oracle Corporation
26-Aug-2020 13:52:59.198 INFO [main] org.apache.catalina.startup.VersionLoggerListener.log CATALINA_BASE:         /root/webapp/apache-tomcat-8.5.57
26-Aug-2020 13:52:59.198 INFO [main] org.apache.catalina.startup.VersionLoggerListener.log CATALINA_HOME:         /root/webapp/apache-tomcat-8.5.57
26-Aug-2020 13:52:59.198 INFO [main] org.apache.catalina.startup.VersionLoggerListener.log Command line argument: -Djava.util.logging.config.file=/root/webapp/apache-tomcat-8.5.57/conf/logging.properties
26-Aug-2020 13:52:59.199 INFO [main] org.apache.catalina.startup.VersionLoggerListener.log Command line argument: -Djava.util.logging.manager=org.apache.juli.ClassLoaderLogManager
26-Aug-2020 13:52:59.199 INFO [main] org.apache.catalina.startup.VersionLoggerListener.log Command line argument: -Djdk.tls.ephemeralDHKeySize=2048
26-Aug-2020 13:52:59.200 INFO [main] org.apache.catalina.startup.VersionLoggerListener.log Command line argument: -Djava.protocol.handler.pkgs=org.apache.catalina.webresources
26-Aug-2020 13:52:59.200 INFO [main] org.apache.catalina.startup.VersionLoggerListener.log Command line argument: -Dorg.apache.catalina.security.SecurityListener.UMASK=0027
26-Aug-2020 13:52:59.203 INFO [main] org.apache.catalina.startup.VersionLoggerListener.log Command line argument: -Dignore.endorsed.dirs=
26-Aug-2020 13:52:59.204 INFO [main] org.apache.catalina.startup.VersionLoggerListener.log Command line argument: -Dcatalina.base=/root/webapp/apache-tomcat-8.5.57
26-Aug-2020 13:52:59.204 INFO [main] org.apache.catalina.startup.VersionLoggerListener.log Command line argument: -Dcatalina.home=/root/webapp/apache-tomcat-8.5.57
26-Aug-2020 13:52:59.204 INFO [main] org.apache.catalina.startup.VersionLoggerListener.log Command line argument: -Djava.io.tmpdir=/root/webapp/apache-tomcat-8.5.57/temp
26-Aug-2020 13:52:59.205 INFO [main] org.apache.catalina.core.AprLifecycleListener.lifecycleEvent The Apache Tomcat Native library which allows using OpenSSL was not found on the java.library.path: [/usr/java/packages/lib/amd64:/usr/lib64:/lib64:/lib:/usr/lib]
26-Aug-2020 13:52:59.296 INFO [main] org.apache.coyote.AbstractProtocol.init Initializing ProtocolHandler ["http-nio-8080"]
26-Aug-2020 13:52:59.313 INFO [main] org.apache.tomcat.util.net.NioSelectorPool.getSharedSelector Using a shared selector for servlet write/read
26-Aug-2020 13:52:59.341 INFO [main] org.apache.catalina.startup.Catalina.load Initialization processed in 631 ms
26-Aug-2020 13:52:59.378 INFO [main] org.apache.catalina.core.StandardService.startInternal Starting service [Catalina]
26-Aug-2020 13:52:59.378 INFO [main] org.apache.catalina.core.StandardEngine.startInternal Starting Servlet Engine: Apache Tomcat/8.5.57
26-Aug-2020 13:52:59.390 INFO [localhost-startStop-1] org.apache.catalina.startup.HostConfig.deployDirectory Deploying web application directory [/root/webapp/apache-tomcat-8.5.57/webapps/ROOT]
26-Aug-2020 13:52:59.698 INFO [localhost-startStop-1] org.apache.catalina.startup.HostConfig.deployDirectory Deployment of web application directory [/root/webapp/apache-tomcat-8.5.57/webapps/ROOT] has finished in [308] ms
26-Aug-2020 13:52:59.699 INFO [localhost-startStop-1] org.apache.catalina.startup.HostConfig.deployDirectory Deploying web application directory [/root/webapp/apache-tomcat-8.5.57/webapps/docs]
26-Aug-2020 13:52:59.712 INFO [localhost-startStop-1] org.apache.catalina.startup.HostConfig.deployDirectory Deployment of web application directory [/root/webapp/apache-tomcat-8.5.57/webapps/docs] has finished in [13] ms
26-Aug-2020 13:52:59.712 INFO [localhost-startStop-1] org.apache.catalina.startup.HostConfig.deployDirectory Deploying web application directory [/root/webapp/apache-tomcat-8.5.57/webapps/examples]
26-Aug-2020 13:52:59.952 INFO [localhost-startStop-1] org.apache.catalina.startup.HostConfig.deployDirectory Deployment of web application directory [/root/webapp/apache-tomcat-8.5.57/webapps/examples] has finished in [239] ms
26-Aug-2020 13:52:59.952 INFO [localhost-startStop-1] org.apache.catalina.startup.HostConfig.deployDirectory Deploying web application directory [/root/webapp/apache-tomcat-8.5.57/webapps/host-manager]
26-Aug-2020 13:52:59.975 INFO [localhost-startStop-1] org.apache.catalina.startup.HostConfig.deployDirectory Deployment of web application directory [/root/webapp/apache-tomcat-8.5.57/webapps/host-manager] has finished in [23] ms
26-Aug-2020 13:52:59.976 INFO [localhost-startStop-1] org.apache.catalina.startup.HostConfig.deployDirectory Deploying web application directory [/root/webapp/apache-tomcat-8.5.57/webapps/manager]
26-Aug-2020 13:52:59.999 INFO [localhost-startStop-1] org.apache.catalina.startup.HostConfig.deployDirectory Deployment of web application directory [/root/webapp/apache-tomcat-8.5.57/webapps/manager] has finished in [23] ms
26-Aug-2020 13:53:00.002 INFO [main] org.apache.coyote.AbstractProtocol.start Starting ProtocolHandler ["http-nio-8080"]
26-Aug-2020 13:53:00.017 INFO [main] org.apache.catalina.startup.Catalina.start Server startup in 674 ms
26-Aug-2020 13:53:00.018 SEVERE [main] org.apache.catalina.core.StandardServer.await StandardServer.await: create[localhost:8005]: 
	java.net.BindException: Address already in use (Bind failed)
		at java.net.PlainSocketImpl.socketBind(Native Method)
		at java.net.AbstractPlainSocketImpl.bind(AbstractPlainSocketImpl.java:387)
		at java.net.ServerSocket.bind(ServerSocket.java:390)
		at java.net.ServerSocket.<init>(ServerSocket.java:252)
		at org.apache.catalina.core.StandardServer.await(StandardServer.java:421)
		at org.apache.catalina.startup.Catalina.await(Catalina.java:776)
		at org.apache.catalina.startup.Catalina.start(Catalina.java:722)
		at sun.reflect.NativeMethodAccessorImpl.invoke0(Native Method)
		at sun.reflect.NativeMethodAccessorImpl.invoke(NativeMethodAccessorImpl.java:62)
		at sun.reflect.DelegatingMethodAccessorImpl.invoke(DelegatingMethodAccessorImpl.java:43)
		at java.lang.reflect.Method.invoke(Method.java:498)
		at org.apache.catalina.startup.Bootstrap.start(Bootstrap.java:342)
		at org.apache.catalina.startup.Bootstrap.main(Bootstrap.java:473)
26-Aug-2020 13:53:00.019 INFO [main] org.apache.coyote.AbstractProtocol.pause Pausing ProtocolHandler ["http-nio-8080"]
26-Aug-2020 13:53:00.025 INFO [main] org.apache.catalina.core.StandardService.stopInternal Stopping service [Catalina]
26-Aug-2020 13:53:00.064 INFO [main] org.apache.coyote.AbstractProtocol.stop Stopping ProtocolHandler ["http-nio-8080"]
26-Aug-2020 13:53:00.065 INFO [main] org.apache.coyote.AbstractProtocol.destroy Destroying ProtocolHandler ["http-nio-8080"]
26-Aug-2020 13:54:19.384 INFO [main] org.apache.catalina.core.StandardServer.await A valid shutdown command was received via the shutdown port. Stopping the Server instance.
26-Aug-2020 13:54:19.384 INFO [main] org.apache.coyote.AbstractProtocol.pause Pausing ProtocolHandler ["http-nio-8080"]
26-Aug-2020 13:54:19.384 INFO [main] org.apache.catalina.core.StandardService.stopInternal Stopping service [Catalina]
26-Aug-2020 13:54:19.406 INFO [1] org.apache.coyote.AbstractProtocol.stop Stopping ProtocolHandler ["http-nio-8080"]
26-Aug-2020 13:54:19.406 INFO [1] org.apache.coyote.AbstractProtocol.destroy Destroying ProtocolHandler ["http-nio-8080"]
26-Aug-2020 13:54:24.273 INFO [main] org.apache.catalina.startup.VersionLoggerListener.log Server version name:   Apache Tomcat/8.5.57
26-Aug-2020 13:54:24.276 INFO [main] org.apache.catalina.startup.VersionLoggerListener.log Server built:          Jun 30 2020 21:49:10 UTC
26-Aug-2020 13:54:24.276 INFO [main] org.apache.catalina.startup.VersionLoggerListener.log Server version number: 8.5.57.0
26-Aug-2020 13:54:24.277 INFO [main] org.apache.catalina.startup.VersionLoggerListener.log OS Name:               Linux
26-Aug-2020 13:54:24.277 INFO [main] org.apache.catalina.startup.VersionLoggerListener.log OS Version:            4.14.186-146.268.amzn2.x86_64
26-Aug-2020 13:54:24.277 INFO [main] org.apache.catalina.startup.VersionLoggerListener.log Architecture:          amd64
26-Aug-2020 13:54:24.277 INFO [main] org.apache.catalina.startup.VersionLoggerListener.log Java Home:             /usr/lib/jvm/java-1.8.0-openjdk-1.8.0.252.b09-2.amzn2.0.1.x86_64/jre
26-Aug-2020 13:54:24.277 INFO [main] org.apache.catalina.startup.VersionLoggerListener.log JVM Version:           1.8.0_252-b09
26-Aug-2020 13:54:24.277 INFO [main] org.apache.catalina.startup.VersionLoggerListener.log JVM Vendor:            Oracle Corporation
26-Aug-2020 13:54:24.277 INFO [main] org.apache.catalina.startup.VersionLoggerListener.log CATALINA_BASE:         /root/webapp/apache-tomcat-8.5.57
26-Aug-2020 13:54:24.277 INFO [main] org.apache.catalina.startup.VersionLoggerListener.log CATALINA_HOME:         /root/webapp/apache-tomcat-8.5.57
26-Aug-2020 13:54:24.277 INFO [main] org.apache.catalina.startup.VersionLoggerListener.log Command line argument: -Djava.util.logging.config.file=/root/webapp/apache-tomcat-8.5.57/conf/logging.properties
26-Aug-2020 13:54:24.278 INFO [main] org.apache.catalina.startup.VersionLoggerListener.log Command line argument: -Djava.util.logging.manager=org.apache.juli.ClassLoaderLogManager
26-Aug-2020 13:54:24.278 INFO [main] org.apache.catalina.startup.VersionLoggerListener.log Command line argument: -Djdk.tls.ephemeralDHKeySize=2048
26-Aug-2020 13:54:24.278 INFO [main] org.apache.catalina.startup.VersionLoggerListener.log Command line argument: -Djava.protocol.handler.pkgs=org.apache.catalina.webresources
26-Aug-2020 13:54:24.278 INFO [main] org.apache.catalina.startup.VersionLoggerListener.log Command line argument: -Dorg.apache.catalina.security.SecurityListener.UMASK=0027
26-Aug-2020 13:54:24.278 INFO [main] org.apache.catalina.startup.VersionLoggerListener.log Command line argument: -Dignore.endorsed.dirs=
26-Aug-2020 13:54:24.278 INFO [main] org.apache.catalina.startup.VersionLoggerListener.log Command line argument: -Dcatalina.base=/root/webapp/apache-tomcat-8.5.57
26-Aug-2020 13:54:24.278 INFO [main] org.apache.catalina.startup.VersionLoggerListener.log Command line argument: -Dcatalina.home=/root/webapp/apache-tomcat-8.5.57
26-Aug-2020 13:54:24.278 INFO [main] org.apache.catalina.startup.VersionLoggerListener.log Command line argument: -Djava.io.tmpdir=/root/webapp/apache-tomcat-8.5.57/temp
26-Aug-2020 13:54:24.278 INFO [main] org.apache.catalina.core.AprLifecycleListener.lifecycleEvent The Apache Tomcat Native library which allows using OpenSSL was not found on the java.library.path: [/usr/java/packages/lib/amd64:/usr/lib64:/lib64:/lib:/usr/lib]
26-Aug-2020 13:54:24.346 INFO [main] org.apache.coyote.AbstractProtocol.init Initializing ProtocolHandler ["http-nio-8080"]
26-Aug-2020 13:54:24.357 INFO [main] org.apache.tomcat.util.net.NioSelectorPool.getSharedSelector Using a shared selector for servlet write/read
26-Aug-2020 13:54:24.372 INFO [main] org.apache.catalina.startup.Catalina.load Initialization processed in 526 ms
26-Aug-2020 13:54:24.395 INFO [main] org.apache.catalina.core.StandardService.startInternal Starting service [Catalina]
26-Aug-2020 13:54:24.395 INFO [main] org.apache.catalina.core.StandardEngine.startInternal Starting Servlet Engine: Apache Tomcat/8.5.57
26-Aug-2020 13:54:24.403 INFO [localhost-startStop-1] org.apache.catalina.startup.HostConfig.deployDirectory Deploying web application directory [/root/webapp/apache-tomcat-8.5.57/webapps/ROOT]
26-Aug-2020 13:54:24.712 INFO [localhost-startStop-1] org.apache.catalina.startup.HostConfig.deployDirectory Deployment of web application directory [/root/webapp/apache-tomcat-8.5.57/webapps/ROOT] has finished in [308] ms
26-Aug-2020 13:54:24.712 INFO [localhost-startStop-1] org.apache.catalina.startup.HostConfig.deployDirectory Deploying web application directory [/root/webapp/apache-tomcat-8.5.57/webapps/docs]
26-Aug-2020 13:54:24.725 INFO [localhost-startStop-1] org.apache.catalina.startup.HostConfig.deployDirectory Deployment of web application directory [/root/webapp/apache-tomcat-8.5.57/webapps/docs] has finished in [13] ms
26-Aug-2020 13:54:24.725 INFO [localhost-startStop-1] org.apache.catalina.startup.HostConfig.deployDirectory Deploying web application directory [/root/webapp/apache-tomcat-8.5.57/webapps/examples]
26-Aug-2020 13:54:24.952 INFO [localhost-startStop-1] org.apache.catalina.startup.HostConfig.deployDirectory Deployment of web application directory [/root/webapp/apache-tomcat-8.5.57/webapps/examples] has finished in [227] ms
26-Aug-2020 13:54:24.952 INFO [localhost-startStop-1] org.apache.catalina.startup.HostConfig.deployDirectory Deploying web application directory [/root/webapp/apache-tomcat-8.5.57/webapps/host-manager]
26-Aug-2020 13:54:25.004 INFO [localhost-startStop-1] org.apache.catalina.startup.HostConfig.deployDirectory Deployment of web application directory [/root/webapp/apache-tomcat-8.5.57/webapps/host-manager] has finished in [37] ms
26-Aug-2020 13:54:25.004 INFO [localhost-startStop-1] org.apache.catalina.startup.HostConfig.deployDirectory Deploying web application directory [/root/webapp/apache-tomcat-8.5.57/webapps/manager]
26-Aug-2020 13:54:25.020 INFO [localhost-startStop-1] org.apache.catalina.startup.HostConfig.deployDirectory Deployment of web application directory [/root/webapp/apache-tomcat-8.5.57/webapps/manager] has finished in [16] ms
26-Aug-2020 13:54:25.023 INFO [main] org.apache.coyote.AbstractProtocol.start Starting ProtocolHandler ["http-nio-8080"]
26-Aug-2020 13:54:25.032 INFO [main] org.apache.catalina.startup.Catalina.start Server startup in 659 ms
26-Aug-2020 13:59:35.072 INFO [ContainerBackgroundProcessor[StandardEngine[Catalina]]] org.apache.catalina.startup.HostConfig.undeploy Undeploying context [/host-manager]
26-Aug-2020 13:59:35.083 INFO [localhost-startStop-2] org.apache.catalina.startup.HostConfig.deployDirectory Deploying web application directory [/root/webapp/apache-tomcat-8.5.57/webapps/host-manager]
26-Aug-2020 13:59:35.096 INFO [localhost-startStop-2] org.apache.catalina.startup.HostConfig.deployDirectory Deployment of web application directory [/root/webapp/apache-tomcat-8.5.57/webapps/host-manager] has finished in [13] ms
26-Aug-2020 14:00:15.104 INFO [ContainerBackgroundProcessor[StandardEngine[Catalina]]] org.apache.catalina.startup.HostConfig.undeploy Undeploying context [/manager]
26-Aug-2020 14:00:15.115 INFO [localhost-startStop-3] org.apache.catalina.startup.HostConfig.deployDirectory Deploying web application directory [/root/webapp/apache-tomcat-8.5.57/webapps/manager]
26-Aug-2020 14:00:15.134 INFO [localhost-startStop-3] org.apache.catalina.startup.HostConfig.deployDirectory Deployment of web application directory [/root/webapp/apache-tomcat-8.5.57/webapps/manager] has finished in [19] ms
26-Aug-2020 14:04:55.171 INFO [ContainerBackgroundProcessor[StandardEngine[Catalina]]] org.apache.catalina.users.MemoryUserDatabase.backgroundProcess Reloading memory user database [UserDatabase] from updated source [file:/root/webapp/apache-tomcat-8.5.57/conf/tomcat-users.xml]
26-Aug-2020 14:05:02.108 INFO [main] org.apache.catalina.core.StandardServer.await A valid shutdown command was received via the shutdown port. Stopping the Server instance.
26-Aug-2020 14:05:02.109 INFO [main] org.apache.coyote.AbstractProtocol.pause Pausing ProtocolHandler ["http-nio-8080"]
26-Aug-2020 14:05:02.112 INFO [main] org.apache.catalina.core.StandardService.stopInternal Stopping service [Catalina]
26-Aug-2020 14:05:02.138 INFO [main] org.apache.coyote.AbstractProtocol.stop Stopping ProtocolHandler ["http-nio-8080"]
26-Aug-2020 14:05:02.141 INFO [main] org.apache.coyote.AbstractProtocol.destroy Destroying ProtocolHandler ["http-nio-8080"]
26-Aug-2020 14:05:05.900 INFO [main] org.apache.catalina.startup.VersionLoggerListener.log Server version name:   Apache Tomcat/8.5.57
26-Aug-2020 14:05:05.903 INFO [main] org.apache.catalina.startup.VersionLoggerListener.log Server built:          Jun 30 2020 21:49:10 UTC
26-Aug-2020 14:05:05.903 INFO [main] org.apache.catalina.startup.VersionLoggerListener.log Server version number: 8.5.57.0
26-Aug-2020 14:05:05.903 INFO [main] org.apache.catalina.startup.VersionLoggerListener.log OS Name:               Linux
26-Aug-2020 14:05:05.903 INFO [main] org.apache.catalina.startup.VersionLoggerListener.log OS Version:            4.14.186-146.268.amzn2.x86_64
26-Aug-2020 14:05:05.904 INFO [main] org.apache.catalina.startup.VersionLoggerListener.log Architecture:          amd64
26-Aug-2020 14:05:05.904 INFO [main] org.apache.catalina.startup.VersionLoggerListener.log Java Home:             /usr/lib/jvm/java-1.8.0-openjdk-1.8.0.252.b09-2.amzn2.0.1.x86_64/jre
26-Aug-2020 14:05:05.904 INFO [main] org.apache.catalina.startup.VersionLoggerListener.log JVM Version:           1.8.0_252-b09
26-Aug-2020 14:05:05.904 INFO [main] org.apache.catalina.startup.VersionLoggerListener.log JVM Vendor:            Oracle Corporation
26-Aug-2020 14:05:05.904 INFO [main] org.apache.catalina.startup.VersionLoggerListener.log CATALINA_BASE:         /root/webapp/apache-tomcat-8.5.57
26-Aug-2020 14:05:05.904 INFO [main] org.apache.catalina.startup.VersionLoggerListener.log CATALINA_HOME:         /root/webapp/apache-tomcat-8.5.57
26-Aug-2020 14:05:05.905 INFO [main] org.apache.catalina.startup.VersionLoggerListener.log Command line argument: -Djava.util.logging.config.file=/root/webapp/apache-tomcat-8.5.57/conf/logging.properties
26-Aug-2020 14:05:05.905 INFO [main] org.apache.catalina.startup.VersionLoggerListener.log Command line argument: -Djava.util.logging.manager=org.apache.juli.ClassLoaderLogManager
26-Aug-2020 14:05:05.905 INFO [main] org.apache.catalina.startup.VersionLoggerListener.log Command line argument: -Djdk.tls.ephemeralDHKeySize=2048
26-Aug-2020 14:05:05.905 INFO [main] org.apache.catalina.startup.VersionLoggerListener.log Command line argument: -Djava.protocol.handler.pkgs=org.apache.catalina.webresources
26-Aug-2020 14:05:05.906 INFO [main] org.apache.catalina.startup.VersionLoggerListener.log Command line argument: -Dorg.apache.catalina.security.SecurityListener.UMASK=0027
26-Aug-2020 14:05:05.909 INFO [main] org.apache.catalina.startup.VersionLoggerListener.log Command line argument: -Dignore.endorsed.dirs=
26-Aug-2020 14:05:05.909 INFO [main] org.apache.catalina.startup.VersionLoggerListener.log Command line argument: -Dcatalina.base=/root/webapp/apache-tomcat-8.5.57
26-Aug-2020 14:05:05.909 INFO [main] org.apache.catalina.startup.VersionLoggerListener.log Command line argument: -Dcatalina.home=/root/webapp/apache-tomcat-8.5.57
26-Aug-2020 14:05:05.909 INFO [main] org.apache.catalina.startup.VersionLoggerListener.log Command line argument: -Djava.io.tmpdir=/root/webapp/apache-tomcat-8.5.57/temp
26-Aug-2020 14:05:05.910 INFO [main] org.apache.catalina.core.AprLifecycleListener.lifecycleEvent The Apache Tomcat Native library which allows using OpenSSL was not found on the java.library.path: [/usr/java/packages/lib/amd64:/usr/lib64:/lib64:/lib:/usr/lib]
26-Aug-2020 14:05:05.978 INFO [main] org.apache.coyote.AbstractProtocol.init Initializing ProtocolHandler ["http-nio-8080"]
26-Aug-2020 14:05:05.989 INFO [main] org.apache.tomcat.util.net.NioSelectorPool.getSharedSelector Using a shared selector for servlet write/read
26-Aug-2020 14:05:06.006 INFO [main] org.apache.catalina.startup.Catalina.load Initialization processed in 549 ms
26-Aug-2020 14:05:06.032 INFO [main] org.apache.catalina.core.StandardService.startInternal Starting service [Catalina]
26-Aug-2020 14:05:06.032 INFO [main] org.apache.catalina.core.StandardEngine.startInternal Starting Servlet Engine: Apache Tomcat/8.5.57
26-Aug-2020 14:05:06.040 INFO [localhost-startStop-1] org.apache.catalina.startup.HostConfig.deployDirectory Deploying web application directory [/root/webapp/apache-tomcat-8.5.57/webapps/ROOT]
26-Aug-2020 14:05:06.310 INFO [localhost-startStop-1] org.apache.catalina.startup.HostConfig.deployDirectory Deployment of web application directory [/root/webapp/apache-tomcat-8.5.57/webapps/ROOT] has finished in [269] ms
26-Aug-2020 14:05:06.311 INFO [localhost-startStop-1] org.apache.catalina.startup.HostConfig.deployDirectory Deploying web application directory [/root/webapp/apache-tomcat-8.5.57/webapps/docs]
26-Aug-2020 14:05:06.335 INFO [localhost-startStop-1] org.apache.catalina.startup.HostConfig.deployDirectory Deployment of web application directory [/root/webapp/apache-tomcat-8.5.57/webapps/docs] has finished in [24] ms
26-Aug-2020 14:05:06.337 INFO [localhost-startStop-1] org.apache.catalina.startup.HostConfig.deployDirectory Deploying web application directory [/root/webapp/apache-tomcat-8.5.57/webapps/examples]
26-Aug-2020 14:05:06.562 INFO [localhost-startStop-1] org.apache.catalina.startup.HostConfig.deployDirectory Deployment of web application directory [/root/webapp/apache-tomcat-8.5.57/webapps/examples] has finished in [225] ms
26-Aug-2020 14:05:06.562 INFO [localhost-startStop-1] org.apache.catalina.startup.HostConfig.deployDirectory Deploying web application directory [/root/webapp/apache-tomcat-8.5.57/webapps/host-manager]
26-Aug-2020 14:05:06.594 INFO [localhost-startStop-1] org.apache.catalina.startup.HostConfig.deployDirectory Deployment of web application directory [/root/webapp/apache-tomcat-8.5.57/webapps/host-manager] has finished in [32] ms
26-Aug-2020 14:05:06.605 INFO [localhost-startStop-1] org.apache.catalina.startup.HostConfig.deployDirectory Deploying web application directory [/root/webapp/apache-tomcat-8.5.57/webapps/manager]
26-Aug-2020 14:05:06.634 INFO [localhost-startStop-1] org.apache.catalina.startup.HostConfig.deployDirectory Deployment of web application directory [/root/webapp/apache-tomcat-8.5.57/webapps/manager] has finished in [29] ms
26-Aug-2020 14:05:06.640 INFO [main] org.apache.coyote.AbstractProtocol.start Starting ProtocolHandler ["http-nio-8080"]
26-Aug-2020 14:05:06.651 INFO [main] org.apache.catalina.startup.Catalina.start Server startup in 644 ms
26-Aug-2020 14:07:36.669 INFO [localhost-startStop-2] org.apache.catalina.startup.HostConfig.deployWAR Deploying web application archive [/root/webapp/apache-tomcat-8.5.57/webapps/webapp.war]
26-Aug-2020 14:07:36.710 INFO [localhost-startStop-2] org.apache.catalina.startup.HostConfig.deployWAR Deployment of web application archive [/root/webapp/apache-tomcat-8.5.57/webapps/webapp.war] has finished in [41] ms
26-Aug-2020 14:37:04.535 INFO [http-nio-8080-exec-1] org.apache.coyote.http11.Http11Processor.service Error parsing HTTP request header
 Note: further occurrences of HTTP request parsing errors will be logged at DEBUG level.
	java.lang.IllegalArgumentException: Invalid character found in the HTTP protocol [HTTP/1.10x0aHost:]
		at org.apache.coyote.http11.Http11InputBuffer.parseRequestLine(Http11InputBuffer.java:574)
		at org.apache.coyote.http11.Http11Processor.service(Http11Processor.java:502)
		at org.apache.coyote.AbstractProcessorLight.process(AbstractProcessorLight.java:65)
		at org.apache.coyote.AbstractProtocol$ConnectionHandler.process(AbstractProtocol.java:818)
		at org.apache.tomcat.util.net.NioEndpoint$SocketProcessor.doRun(NioEndpoint.java:1626)
		at org.apache.tomcat.util.net.SocketProcessorBase.run(SocketProcessorBase.java:49)
		at java.util.concurrent.ThreadPoolExecutor.runWorker(ThreadPoolExecutor.java:1149)
		at java.util.concurrent.ThreadPoolExecutor$Worker.run(ThreadPoolExecutor.java:624)
		at org.apache.tomcat.util.threads.TaskThread$WrappingRunnable.run(TaskThread.java:61)
		at java.lang.Thread.run(Thread.java:748)
26-Aug-2020 16:33:55.376 INFO [Thread-4] org.apache.coyote.AbstractProtocol.pause Pausing ProtocolHandler ["http-nio-8080"]
26-Aug-2020 16:33:55.415 INFO [Thread-4] org.apache.catalina.core.StandardService.stopInternal Stopping service [Catalina]
26-Aug-2020 16:33:55.486 INFO [Thread-4] org.apache.coyote.AbstractProtocol.stop Stopping ProtocolHandler ["http-nio-8080"]
26-Aug-2020 16:33:55.488 INFO [Thread-4] org.apache.coyote.AbstractProtocol.destroy Destroying ProtocolHandler ["http-nio-8080"]
